--------------------Moonraker Log Start--------------------
data_path: /home/pi/printer_data
is_default_data_path: False
config_file: /home/pi/printer_data/config/moonraker.conf
startup_warnings: []
verbose: False
debug: False
asyncio_debug: False
is_backup_config: False
is_python_package: True
log_file: /home/pi/printer_data/logs/moonraker.log
software_version: v0.8.0-41-g348b7f5
python_version: 3.9.2 (default, Feb 28 2021, 17:03:44)  [GCC 10.2.1 20210110]

#################### Moonraker Configuration ####################

[server]
host = 0.0.0.0
port = 7125
max_upload_size = 1024
klippy_uds_address = ~/printer_data/comms/klippy.sock

[file_manager]
enable_object_processing = False

[authorization]
cors_domains = 
	https://my.mainsail.xyz
	http://my.mainsail.xyz
	http://*.local
	http://*.lan
trusted_clients = 
	10.0.0.0/8
	127.0.0.0/8
	169.254.0.0/16
	172.16.0.0/12
	192.168.0.0/16
	FE80::/10
	::1/128

[octoprint_compat]

[history]

[announcements]
subscriptions = 
	mainsail

[update_manager]
refresh_interval = 168
enable_auto_refresh = True

[update_manager mainsail]
type = web
channel = stable
repo = mainsail-crew/mainsail
path = ~/mainsail

[update_manager mainsail-config]
type = git_repo
primary_branch = master
path = ~/mainsail-config
origin = https://github.com/mainsail-crew/mainsail-config.git
managed_services = klipper

[update_manager crowsnest]
type = git_repo
path = ~/crowsnest
origin = https://github.com/mainsail-crew/crowsnest.git
managed_services = crowsnest
install_script = tools/pkglist.sh

[update_manager sonar]
type = git_repo
path = ~/sonar
origin = https://github.com/mainsail-crew/sonar.git
primary_branch = main
managed_services = sonar
install_script = tools/install.sh

#################################################################
All Configuration Files:
/home/pi/printer_data/config/moonraker.conf
#################################################################
Unsafe Shutdown Count: 1

System Info:

***python***
  version: sys.version_info(major=3, minor=9, micro=2, releaselevel='final', serial=0)
  version_string: 3.9.2 (default, Feb 28 2021, 17:03:44)  [GCC 10.2.1 20210110]

***cpu_info***
  cpu_count: 4
  bits: 64bit
  processor: aarch64
  cpu_desc: 
  serial_number: 
  hardware_desc: 
  model: 
  total_memory: 2037304
  memory_units: kB

***sd_info***
  manufacturer_id: 03
  manufacturer: Sandisk
  oem_id: 5344
  product_name: SD32G
  product_revision: 8.5
  serial_number: 58c8c56f
  manufacturer_date: 12/2022
  capacity: 29.7 GiB
  total_bytes: 31914983424

***distribution***
  name: Armbian 23.02.2 Bullseye
  id: debian
  version: 11
  version_parts: {'major': '11', 'minor': '', 'build_number': ''}
  like: 
  codename: bullseye
  release_info: {'name': 'MainsailOS', 'version_id': '1.2.1', 'codename': 'bullseye', 'id': 'mainsailos'}

***virtualization***
  virt_type: none
  virt_identifier: none

***network***

***canbus***

***Allowed Services***
  klipper_mcu
  webcamd
  MoonCord
  KlipperScreen
  moonraker-telegram-bot
  moonraker-obico
  sonar
  crowsnest
  octoeverywhere
  ratos-configurator

Systemd unit moonraker.service:
unit_name: moonraker.service
is_default: True
manager: systemd
Properties:
**Requires=['network-online.target', 'sysinit.target', 'system.slice']
**After=['network-online.target', 'sysinit.target', 'basic.target', 'system.slice', 'klipper.service', 'systemd-journald.socket']
**SupplementaryGroups=['moonraker-admin']
**EnvironmentFiles=/home/pi/printer_data/systemd/moonraker.env
**ExecStart=/home/pi/moonraker-env/bin/python $MOONRAKER_ARGS
**WorkingDirectory=
**FragmentPath=/etc/systemd/system/moonraker.service
**Description=API Server for Klipper SV1
**User=pi

Systemd unit klipper.service:
unit_name: klipper.service
is_default: True
manager: systemd
Properties:
**Requires=['-.mount', 'sysinit.target', 'system.slice']
**After=['-.mount', 'sysinit.target', 'systemd-journald.socket', 'network-online.target', 'system.slice', 'basic.target']
**SupplementaryGroups=[]
**EnvironmentFiles=/home/pi/printer_data/systemd/klipper.env
**ExecStart=/home/pi/klippy-env/bin/python $KLIPPER_ARGS
**WorkingDirectory=/home/pi/klipper
**FragmentPath=/etc/systemd/system/klipper.service
**Description=Klipper 3D Printer Firmware SV1
**User=pi
Klipper Version: v0.11.0-205-g5f0d252b
2023-09-15 00:01:13,120 [app.py:log_request()] - 201 POST /server/files/upload (192.168.0.50) [_TRUSTED_USER_] 29.90ms
2023-09-15 00:01:14,174 [klippy_connection.py:_on_connection_closed()] - Klippy Connection Removed
2023-09-15 00:01:15,438 [klippy_connection.py:_do_connect()] - Klippy Connection Established
2023-09-15 00:01:17,059 [klippy_connection.py:_request_initial_subscriptions()] - Webhooks Subscribed
2023-09-15 00:01:17,061 [klippy_connection.py:_request_initial_subscriptions()] - GCode Output Subscribed
2023-09-15 00:01:17,310 [job_state.py:_handle_started()] - Job state initialized: standby
2023-09-15 00:01:17,580 [klippy_connection.py:_check_ready()] - Klippy ready
2023-09-15 00:01:18,071 [data_store.py:_init_sensors()] - Configuring available sensors: ['heater_bed', 'extruder']
2023-09-15 00:05:57,784 [app.py:log_request()] - 201 POST /server/files/upload (192.168.0.50) [_TRUSTED_USER_] 29.57ms
2023-09-15 00:05:58,886 [klippy_connection.py:_on_connection_closed()] - Klippy Connection Removed
2023-09-15 00:06:00,150 [klippy_connection.py:_do_connect()] - Klippy Connection Established
2023-09-15 00:06:01,511 [klippy_connection.py:_request_initial_subscriptions()] - Webhooks Subscribed
2023-09-15 00:06:01,513 [klippy_connection.py:_request_initial_subscriptions()] - GCode Output Subscribed
2023-09-15 00:06:01,762 [job_state.py:_handle_started()] - Job state initialized: standby
2023-09-15 00:06:02,030 [klippy_connection.py:_check_ready()] - Klippy ready
2023-09-15 00:06:02,526 [data_store.py:_init_sensors()] - Configuring available sensors: ['heater_bed', 'extruder']
2023-09-15 00:06:49,682 [app.py:log_request()] - 201 POST /server/files/upload (192.168.0.50) [_TRUSTED_USER_] 29.54ms
2023-09-15 00:06:50,730 [klippy_connection.py:_on_connection_closed()] - Klippy Connection Removed
2023-09-15 00:06:51,994 [klippy_connection.py:_do_connect()] - Klippy Connection Established
2023-09-15 00:06:53,619 [klippy_connection.py:_request_initial_subscriptions()] - Webhooks Subscribed
2023-09-15 00:06:53,621 [klippy_connection.py:_request_initial_subscriptions()] - GCode Output Subscribed
2023-09-15 00:06:53,870 [job_state.py:_handle_started()] - Job state initialized: standby
2023-09-15 00:06:54,139 [klippy_connection.py:_check_ready()] - Klippy ready
2023-09-15 00:06:54,628 [data_store.py:_init_sensors()] - Configuring available sensors: ['heater_bed', 'extruder']
2023-09-15 00:07:12,500 [app.py:log_request()] - 201 POST /server/files/upload (192.168.0.50) [_TRUSTED_USER_] 28.03ms
2023-09-15 00:07:13,549 [klippy_connection.py:_on_connection_closed()] - Klippy Connection Removed
2023-09-15 00:07:14,813 [klippy_connection.py:_do_connect()] - Klippy Connection Established
2023-09-15 00:07:16,203 [klippy_connection.py:_request_initial_subscriptions()] - Webhooks Subscribed
2023-09-15 00:07:16,205 [klippy_connection.py:_request_initial_subscriptions()] - GCode Output Subscribed
2023-09-15 00:07:16,454 [job_state.py:_handle_started()] - Job state initialized: standby
2023-09-15 00:07:16,724 [klippy_connection.py:_check_ready()] - Klippy ready
2023-09-15 00:07:17,219 [data_store.py:_init_sensors()] - Configuring available sensors: ['heater_bed', 'extruder']
2023-09-15 00:10:52,641 [common.py:build_error()] - JSON-RPC Request Error: 400
{'error': 'WebRequestError', 'message': 'Endstop z still triggered after retract'}
Traceback (most recent call last):
  File "/home/pi/moonraker/moonraker/common.py", line 541, in execute_method
    result = await callback(params)
  File "/home/pi/moonraker/moonraker/websockets.py", line 113, in func
    result = await callback(
  File "/home/pi/moonraker/moonraker/klippy_connection.py", line 522, in request
    return await self._request_standard(web_request)
  File "/home/pi/moonraker/moonraker/klippy_connection.py", line 577, in _request_standard
    return await base_request.wait()
  File "/home/pi/moonraker/moonraker/klippy_connection.py", line 692, in wait
    raise self.response
moonraker.utils.ServerError: {'error': 'WebRequestError', 'message': 'Endstop z still triggered after retract'}
2023-09-15 00:24:42,994 [app.py:log_request()] - 201 POST /server/files/upload (192.168.0.50) [_TRUSTED_USER_] 29.83ms
2023-09-15 00:24:44,075 [klippy_connection.py:_on_connection_closed()] - Klippy Connection Removed
2023-09-15 00:24:45,339 [klippy_connection.py:_do_connect()] - Klippy Connection Established
2023-09-15 00:24:45,698 [klippy_connection.py:_request_initial_subscriptions()] - Webhooks Subscribed
2023-09-15 00:24:45,701 [klippy_connection.py:_request_initial_subscriptions()] - GCode Output Subscribed
2023-09-15 00:24:45,703 [klippy_connection.py:_check_ready()] - 
Unknown pin chip name 'probe'

Once the underlying issue is corrected, use the "RESTART"
command to reload the config and restart the host software.
Printer is halted

2023-09-15 00:40:39,782 [app.py:log_request()] - 201 POST /server/files/upload (192.168.0.50) [_TRUSTED_USER_] 29.77ms
2023-09-15 00:40:39,795 [common.py:build_error()] - JSON-RPC Request Error: 400
Service '{'isTrusted': True}' not allowed
Traceback (most recent call last):
  File "/home/pi/moonraker/moonraker/common.py", line 541, in execute_method
    result = await callback(params)
  File "/home/pi/moonraker/moonraker/websockets.py", line 113, in func
    result = await callback(
  File "/home/pi/moonraker/moonraker/components/machine.py", line 319, in _handle_service_request
    raise self.server.error(
moonraker.utils.ServerError: Service '{'isTrusted': True}' not allowed
2023-09-15 00:40:51,755 [app.py:log_request()] - 201 POST /server/files/upload (192.168.0.50) [_TRUSTED_USER_] 31.92ms
2023-09-15 00:40:59,085 [app.py:log_request()] - 201 POST /server/files/upload (192.168.0.50) [_TRUSTED_USER_] 29.45ms
2023-09-15 00:41:20,086 [app.py:log_request()] - 201 POST /server/files/upload (192.168.0.50) [_TRUSTED_USER_] 29.49ms
2023-09-15 00:41:20,109 [klippy_connection.py:_on_connection_closed()] - Klippy Connection Removed
2023-09-15 00:41:20,139 [common.py:build_error()] - JSON-RPC Request Error: 503
Klippy Host not connected
Traceback (most recent call last):
  File "/home/pi/moonraker/moonraker/common.py", line 541, in execute_method
    result = await callback(params)
  File "/home/pi/moonraker/moonraker/websockets.py", line 113, in func
    result = await callback(
  File "/home/pi/moonraker/moonraker/klippy_connection.py", line 512, in request
    raise ServerError("Klippy Host not connected", 503)
moonraker.utils.ServerError: Klippy Host not connected
2023-09-15 00:41:21,372 [klippy_connection.py:_do_connect()] - Klippy Connection Established
2023-09-15 00:41:22,748 [klippy_connection.py:_request_initial_subscriptions()] - Webhooks Subscribed
2023-09-15 00:41:22,753 [klippy_connection.py:_request_initial_subscriptions()] - GCode Output Subscribed
2023-09-15 00:41:22,999 [job_state.py:_handle_started()] - Job state initialized: standby
2023-09-15 00:41:23,275 [klippy_connection.py:_check_ready()] - Klippy ready
2023-09-15 00:41:23,761 [data_store.py:_init_sensors()] - Configuring available sensors: ['heater_bed', 'extruder']
2023-09-15 00:43:48,040 [common.py:build_error()] - JSON-RPC Request Error: 400
{'error': 'WebRequestError', 'message': 'Move out of range: 90.000 90.000 -5.000 [0.000]'}
Traceback (most recent call last):
  File "/home/pi/moonraker/moonraker/common.py", line 541, in execute_method
    result = await callback(params)
  File "/home/pi/moonraker/moonraker/websockets.py", line 113, in func
    result = await callback(
  File "/home/pi/moonraker/moonraker/klippy_connection.py", line 522, in request
    return await self._request_standard(web_request)
  File "/home/pi/moonraker/moonraker/klippy_connection.py", line 577, in _request_standard
    return await base_request.wait()
  File "/home/pi/moonraker/moonraker/klippy_connection.py", line 692, in wait
    raise self.response
moonraker.utils.ServerError: {'error': 'WebRequestError', 'message': 'Move out of range: 90.000 90.000 -5.000 [0.000]'}
2023-09-15 00:43:49,753 [common.py:build_error()] - JSON-RPC Request Error: 400
{'error': 'WebRequestError', 'message': 'Move out of range: 90.000 90.000 -5.000 [0.000]'}
Traceback (most recent call last):
  File "/home/pi/moonraker/moonraker/common.py", line 541, in execute_method
    result = await callback(params)
  File "/home/pi/moonraker/moonraker/websockets.py", line 113, in func
    result = await callback(
  File "/home/pi/moonraker/moonraker/klippy_connection.py", line 522, in request
    return await self._request_standard(web_request)
  File "/home/pi/moonraker/moonraker/klippy_connection.py", line 577, in _request_standard
    return await base_request.wait()
  File "/home/pi/moonraker/moonraker/klippy_connection.py", line 692, in wait
    raise self.response
moonraker.utils.ServerError: {'error': 'WebRequestError', 'message': 'Move out of range: 90.000 90.000 -5.000 [0.000]'}
2023-09-15 00:43:54,209 [common.py:build_error()] - JSON-RPC Request Error: 400
{'error': 'WebRequestError', 'message': 'Move out of range: 90.000 90.000 -5.000 [0.000]'}
Traceback (most recent call last):
  File "/home/pi/moonraker/moonraker/common.py", line 541, in execute_method
    result = await callback(params)
  File "/home/pi/moonraker/moonraker/websockets.py", line 113, in func
    result = await callback(
  File "/home/pi/moonraker/moonraker/klippy_connection.py", line 522, in request
    return await self._request_standard(web_request)
  File "/home/pi/moonraker/moonraker/klippy_connection.py", line 577, in _request_standard
    return await base_request.wait()
  File "/home/pi/moonraker/moonraker/klippy_connection.py", line 692, in wait
    raise self.response
moonraker.utils.ServerError: {'error': 'WebRequestError', 'message': 'Move out of range: 90.000 90.000 -5.000 [0.000]'}
